[2020-08-19 22:57:14.310]: entering -- org.netbeans.installer.Installer.main():81
[2020-08-19 22:57:14.313]: initializing the installer engine
[2020-08-19 22:57:14.313]:     entering -- org.netbeans.installer.Installer.<init>():116
[2020-08-19 22:57:14.313]:     ... initializing ErrorHandler
[2020-08-19 22:57:14.314]:     ... end of ErrorHandler initialization
[2020-08-19 22:57:14.314]:     exiting -- org.netbeans.installer.Installer.<init>():116
[2020-08-19 22:57:14.314]:     entering -- org.netbeans.installer.Installer.<init>():117
[2020-08-19 22:57:14.315]:     dumping target system information
[2020-08-19 22:57:14.315]:         system properties:
[2020-08-19 22:57:14.318]:             awt.toolkit => sun.awt.windows.WToolkit
[2020-08-19 22:57:14.319]:             file.encoding => Cp1252
[2020-08-19 22:57:14.319]:             file.encoding.pkg => sun.io
[2020-08-19 22:57:14.319]:             file.separator => \
[2020-08-19 22:57:14.319]:             java.awt.graphicsenv => sun.awt.Win32GraphicsEnvironment
[2020-08-19 22:57:14.319]:             java.awt.printerjob => sun.awt.windows.WPrinterJob
[2020-08-19 22:57:14.319]:             java.class.path => C:\Users\andie\AppData\Local\Temp\\NBI57082.tmp\uninstall.jar
[2020-08-19 22:57:14.319]:             java.class.version => 52.0
[2020-08-19 22:57:14.319]:             java.endorsed.dirs => C:\Program Files\Java\jre1.8.0_251\lib\endorsed
[2020-08-19 22:57:14.320]:             java.ext.dirs => C:\Program Files\Java\jre1.8.0_251\lib\ext;C:\WINDOWS\Sun\Java\lib\ext
[2020-08-19 22:57:14.320]:             java.home => C:\Program Files\Java\jre1.8.0_251
[2020-08-19 22:57:14.320]:             java.io.tmpdir => C:\Users\andie\AppData\Local\Temp\
[2020-08-19 22:57:14.320]:             java.library.path => C:\Program Files\Java\jre1.8.0_251\bin;C:\WINDOWS\Sun\Java\bin;C:\WINDOWS\system32;C:\WINDOWS;C:\Program Files (x86)\Common Files\Oracle\Java\javapath;C:\ProgramData\Oracle\Java\javapath;C:\Windows\system32;C:\Windows;C:\Windows\System32\Wbem;C:\Windows\System32\WindowsPowerShell\v1.0\;C:\Windows\System32\OpenSSH\;C:\Program Files (x86)\NVIDIA Corporation\PhysX\Common;C:\Program Files\NVIDIA Corporation\NVIDIA NvDLISR;C:\Program Files\dotnet\;C:\Program Files\Microsoft SQL Server\130\Tools\Binn\;C:\Program Files\Microsoft SQL Server\120\DTS\Binn\;C:\Program Files\Microsoft SQL Server\Client SDK\ODBC\110\Tools\Binn\;C:\Program Files (x86)\Microsoft SQL Server\120\Tools\Binn\;C:\Program Files\Microsoft SQL Server\120\Tools\Binn\;C:\Program Files (x86)\Microsoft SQL Server\120\DTS\Binn\;C:\Program Files (x86)\Microsoft SQL Server\Client SDK\ODBC\130\Tools\Binn\;C:\Program Files (x86)\Microsoft SQL Server\140\Tools\Binn\;C:\Program Files (x86)\Microsoft SQL Server\140\DTS\Binn\;C:\Program Files (x86)\Microsoft SQL Server\140\Tools\Binn\ManagementStudio\;C:\xampp\php;C:\Program Files (x86)\Intel\Intel(R) Management Engine Components\DAL;C:\Program Files\Intel\Intel(R) Management Engine Components\DAL;C:\Program Files (x86)\Microsoft SQL Server\120\Tools\Binn\ManagementStudio\;C:\ProgramData\Oracle\Java\javapath\bin;C:\Program Files\Git\cmd;C:\WINDOWS\system32;C:\WINDOWS;C:\WINDOWS\System32\Wbem;C:\WINDOWS\System32\WindowsPowerShell\v1.0\;C:\WINDOWS\System32\OpenSSH\;C:\Program Files\MySQL\MySQL Shell 8.0\bin\;C:\Users\andie\AppData\Local\Microsoft\WindowsApps;C:\Users\andie\AppData\Local\Programs\Microsoft VS Code\bin;C:\Users\andie\AppData\Local\ComposerSetup\bin;C:\Users\andie\AppData\Roaming\Composer\vendor\bin;C:\Users\andie\AppData\Local\Microsoft\WindowsApps;.
[2020-08-19 22:57:14.320]:             java.runtime.name => Java(TM) SE Runtime Environment
[2020-08-19 22:57:14.320]:             java.runtime.version => 1.8.0_251-b08
[2020-08-19 22:57:14.320]:             java.specification.name => Java Platform API Specification
[2020-08-19 22:57:14.320]:             java.specification.vendor => Oracle Corporation
[2020-08-19 22:57:14.320]:             java.specification.version => 1.8
[2020-08-19 22:57:14.320]:             java.vendor => Oracle Corporation
[2020-08-19 22:57:14.320]:             java.vendor.url => http://java.oracle.com/
[2020-08-19 22:57:14.320]:             java.vendor.url.bug => http://bugreport.sun.com/bugreport/
[2020-08-19 22:57:14.320]:             java.version => 1.8.0_251
[2020-08-19 22:57:14.320]:             java.vm.info => mixed mode
[2020-08-19 22:57:14.320]:             java.vm.name => Java HotSpot(TM) 64-Bit Server VM
[2020-08-19 22:57:14.321]:             java.vm.specification.name => Java Virtual Machine Specification
[2020-08-19 22:57:14.321]:             java.vm.specification.vendor => Oracle Corporation
[2020-08-19 22:57:14.321]:             java.vm.specification.version => 1.8
[2020-08-19 22:57:14.321]:             java.vm.vendor => Oracle Corporation
[2020-08-19 22:57:14.321]:             java.vm.version => 25.251-b08
[2020-08-19 22:57:14.321]:             line.separator => 
[2020-08-19 22:57:14.321]:             netbeans.default_cachedir_root => C:\Users\andie\AppData\Local\NetBeans\Cache
[2020-08-19 22:57:14.321]:             netbeans.default_userdir_root => C:\Users\andie\AppData\Roaming\NetBeans
[2020-08-19 22:57:14.321]:             os.arch => amd64
[2020-08-19 22:57:14.321]:             os.name => Windows 10
[2020-08-19 22:57:14.321]:             os.version => 10.0
[2020-08-19 22:57:14.321]:             path.separator => ;
[2020-08-19 22:57:14.321]:             sun.arch.data.model => 64
[2020-08-19 22:57:14.321]:             sun.boot.class.path => C:\Program Files\Java\jre1.8.0_251\lib\resources.jar;C:\Program Files\Java\jre1.8.0_251\lib\rt.jar;C:\Program Files\Java\jre1.8.0_251\lib\sunrsasign.jar;C:\Program Files\Java\jre1.8.0_251\lib\jsse.jar;C:\Program Files\Java\jre1.8.0_251\lib\jce.jar;C:\Program Files\Java\jre1.8.0_251\lib\charsets.jar;C:\Program Files\Java\jre1.8.0_251\lib\jfr.jar;C:\Program Files\Java\jre1.8.0_251\classes
[2020-08-19 22:57:14.321]:             sun.boot.library.path => C:\Program Files\Java\jre1.8.0_251\bin
[2020-08-19 22:57:14.321]:             sun.cpu.endian => little
[2020-08-19 22:57:14.321]:             sun.cpu.isalist => amd64
[2020-08-19 22:57:14.321]:             sun.desktop => windows
[2020-08-19 22:57:14.321]:             sun.io.unicode.encoding => UnicodeLittle
[2020-08-19 22:57:14.322]:             sun.java.command => org.netbeans.installer.Installer --target tomcat 8.0.27.0.0 --force-uninstall
[2020-08-19 22:57:14.322]:             sun.java.launcher => SUN_STANDARD
[2020-08-19 22:57:14.322]:             sun.jnu.encoding => Cp1252
[2020-08-19 22:57:14.322]:             sun.management.compiler => HotSpot 64-Bit Tiered Compilers
[2020-08-19 22:57:14.322]:             sun.os.patch.level => 
[2020-08-19 22:57:14.322]:             user.country => US
[2020-08-19 22:57:14.322]:             user.dir => C:\Windows\ImmersiveControlPanel
[2020-08-19 22:57:14.322]:             user.home => C:\Users\andie
[2020-08-19 22:57:14.322]:             user.language => en
[2020-08-19 22:57:14.322]:             user.name => andie
[2020-08-19 22:57:14.322]:             user.script => 
[2020-08-19 22:57:14.322]:             user.timezone => America/Regina
[2020-08-19 22:57:14.322]:             user.variant => 
[2020-08-19 22:57:14.322]:     ... end of target system information
[2020-08-19 22:57:14.322]:     exiting -- org.netbeans.installer.Installer.<init>():117
[2020-08-19 22:57:14.355]:     loading jni library
[2020-08-19 22:57:14.355]:         library resource path: native/jnilib/windows/windows-x64.dll
[2020-08-19 22:57:14.842]:         library file path: C:\Users\andie\AppData\Local\Temp\nbi-5282093092922877741.tmp
[2020-08-19 22:57:15.442]:         ... successfully loaded the library
[2020-08-19 22:57:15.448]:     entering -- org.netbeans.installer.Installer.<init>():122
[2020-08-19 22:57:15.448]:     parsing command-line arguments
[2020-08-19 22:57:15.452]:         ... parsing arguments : [--target], [tomcat], [8.0.27.0.0], [--force-uninstall]
[2020-08-19 22:57:15.465]:         parsing command line parameter "--target"
[2020-08-19 22:57:15.465]:             target component:
[2020-08-19 22:57:15.465]:             ... uid:     tomcat
[2020-08-19 22:57:15.465]:             ... version: 8.0.27.0.0
[2020-08-19 22:57:15.465]:         parsing command line parameter "--force-uninstall"
[2020-08-19 22:57:15.465]:     ... finished parsing command line arguments
[2020-08-19 22:57:15.465]:     exiting -- org.netbeans.installer.Installer.<init>():122
[2020-08-19 22:57:15.465]:     entering -- org.netbeans.installer.Installer.<init>():123
[2020-08-19 22:57:15.465]:     loading engine properties
[2020-08-19 22:57:15.466]:         loading engine properties
[2020-08-19 22:57:15.468]:             loading nbi.wizard.ui.swing.frame.width.default => 600
[2020-08-19 22:57:15.468]:             loading nbi.wizard.ui.swing.frame.width.gtk => 704
[2020-08-19 22:57:15.468]:             loading nbi.wizard.ui.swing.frame.head.right.image => resource:org/netbeans/installer/wizard/wizard-description-background.png
[2020-08-19 22:57:15.468]:             loading nbi.wizard.ui.swing.frame.minimum.width.nimbus => 624
[2020-08-19 22:57:15.468]:             loading nbi.wizard.ui.swing.frame.minimum.height.win.xp => 450
[2020-08-19 22:57:15.468]:             loading nbi.wizard.ui.swing.frame.minimum.height.nimbus => 512
[2020-08-19 22:57:15.468]:             loading nbi.wizard.ui.swing.frame.title.prefix => NetBeans IDE Installer
[2020-08-19 22:57:15.468]:             loading nbi.wizard.ui.swing.frame.width.nimbus => 624
[2020-08-19 22:57:15.468]:             loading nbi.wizard.ui.swing.frame.width.win.xp => 600
[2020-08-19 22:57:15.468]:             loading nbi.overall.license.jdk5.resource => org/netbeans/installer/product/components/netbeans-license-jdk5.txt
[2020-08-19 22:57:15.469]:             loading nbi.wizard.ui.swing.frame.minimum.height.win.classic => 442
[2020-08-19 22:57:15.469]:             loading nbi.overall.license.jtb.resource => org/netbeans/installer/product/components/netbeans-license-jtb.txt
[2020-08-19 22:57:15.469]:             loading nbi.wizard.ui.swing.frame.minimum.width.default => 600
[2020-08-19 22:57:15.469]:             loading nbi.wizard.ui.swing.frame.height.motif => 470
[2020-08-19 22:57:15.469]:             loading nbi.wizard.ui.swing.frame.height.aqua => 480
[2020-08-19 22:57:15.469]:             loading nbi.wizard.ui.swing.frame.minimum.width.win.xp => 600
[2020-08-19 22:57:15.469]:             loading nbi.wizard.ui.swing.frame.minimum.height.aqua => 480
[2020-08-19 22:57:15.469]:             loading nbi.overall.license.jdk6.resource => org/netbeans/installer/product/components/netbeans-license-jdk6.txt
[2020-08-19 22:57:15.469]:             loading nbi.wizard.ui.swing.frame.minimum.height.default => 500
[2020-08-19 22:57:15.469]:             loading nbi.product.suggest.install => true
[2020-08-19 22:57:15.469]:             loading nbi.overall.license.mysql.resource => org/netbeans/installer/product/components/netbeans-license-mysql.txt
[2020-08-19 22:57:15.469]:             loading nbi.wizard.ui.swing.frame.icon => resource:org/netbeans/installer/wizard/wizard-icon.png
[2020-08-19 22:57:15.469]:             loading nbi.wizard.ui.swing.frame.minimum.height.gtk => 528
[2020-08-19 22:57:15.469]:             loading nbi.wizard.ui.swing.frame.width.aqua => 640
[2020-08-19 22:57:15.469]:             loading nbi.wizard.ui.swing.frame.minimum.height.motif => 470
[2020-08-19 22:57:15.469]:             loading nbi.wizard.ui.swing.frame.width.motif => 624
[2020-08-19 22:57:15.470]:             loading nbi.product.remove.corrupted.products.silently => true
[2020-08-19 22:57:15.470]:             loading nbi.wizard.ui.swing.frame.minimum.width.win.classic => 588
[2020-08-19 22:57:15.470]:             loading nbi.wizard.ui.swing.welcome.left.bottom.image => resource:org/netbeans/installer/wizard/components/panels/netbeans/resources/welcome-left-bottom.png
[2020-08-19 22:57:15.470]:             loading nbi.overall.license.resource => org/netbeans/installer/product/components/netbeans-license.txt
[2020-08-19 22:57:15.470]:             loading nbi.macosx.application.directory.name => NetBeans IDE Installer
[2020-08-19 22:57:15.470]:             loading nbi.wizard.ui.swing.frame.height.gtk => 528
[2020-08-19 22:57:15.470]:             loading nbi.wizard.ui.swing.frame.minimum.width.metal => 624
[2020-08-19 22:57:15.470]:             loading nbi.wizard.ui.swing.frame.minimum.width.motif => 624
[2020-08-19 22:57:15.470]:             loading nbi.wizard.ui.swing.frame.height.metal => 470
[2020-08-19 22:57:15.470]:             loading nbi.wizard.ui.swing.frame.minimum.width.gtk => 704
[2020-08-19 22:57:15.470]:             loading nbi.junit.license.resource => org/netbeans/installer/product/components/junit-license.txt
[2020-08-19 22:57:15.470]:             loading nbi.wizard.ui.swing.frame.width.metal => 624
[2020-08-19 22:57:15.470]:             loading nbi.wizard.ui.swing.frame.height.win.classic => 442
[2020-08-19 22:57:15.470]:             loading nbi.wizard.ui.swing.frame.height.win.xp => 450
[2020-08-19 22:57:15.471]:             loading nbi.wizard.ui.swing.frame.height.default => 500
[2020-08-19 22:57:15.471]:             loading nbi.wizard.ui.swing.frame.height.nimbus => 512
[2020-08-19 22:57:15.471]:             loading nbi.overall.license.javafx.resource => org/netbeans/installer/product/components/netbeans-license-javafx.txt
[2020-08-19 22:57:15.471]:             loading nbi.wizard.ui.swing.frame.title.pattern => {0}
[2020-08-19 22:57:15.471]:             loading nbi.wizard.ui.swing.frame.width.win.classic => 588
[2020-08-19 22:57:15.471]:             loading nbi.wizard.ui.swing.frame.minimum.width.aqua => 640
[2020-08-19 22:57:15.471]:             loading nbi.wizard.ui.swing.frame.minimum.height.metal => 470
[2020-08-19 22:57:15.471]:     ... finished loading engine properties
[2020-08-19 22:57:15.471]:     exiting -- org.netbeans.installer.Installer.<init>():123
[2020-08-19 22:57:15.471]:     initializing the local directory
[2020-08-19 22:57:15.471]:         ... custom local directory was not specified, using the default
[2020-08-19 22:57:15.471]:         ... local directory: C:\Users\andie\.nbi
[2020-08-19 22:57:15.472]:     ... finished initializing local directory
[2020-08-19 22:57:15.516]:     entering -- org.netbeans.installer.Installer.<init>():129
[2020-08-19 22:57:15.516]:     ... initializing DownloadManager
[2020-08-19 22:57:15.524]:         file not exist, queue is empty!
[2020-08-19 22:57:15.533]:     ... end of initializing DownloadManager
[2020-08-19 22:57:15.533]:     exiting -- org.netbeans.installer.Installer.<init>():129
[2020-08-19 22:57:15.533]:     entering -- org.netbeans.installer.Installer.<init>():130
[2020-08-19 22:57:15.533]:     ... initializing Registry
[2020-08-19 22:57:15.541]:     ... end of initializing ErrorHandler
[2020-08-19 22:57:15.541]:     exiting -- org.netbeans.installer.Installer.<init>():130
[2020-08-19 22:57:15.541]:     entering -- org.netbeans.installer.Installer.<init>():131
[2020-08-19 22:57:15.542]:     ... initializing Wizard
[2020-08-19 22:57:15.715]:         ... loading registry from resource:data/registry.xml
[2020-08-19 22:57:15.737]:         entering -- org.netbeans.installer.product.Registry.loadProductRegistry():1001
[2020-08-19 22:57:15.737]:         validating previous installations
[2020-08-19 22:57:15.737]:         ... validating installations finished
[2020-08-19 22:57:15.738]:         exiting -- org.netbeans.installer.product.Registry.loadProductRegistry():1001
[2020-08-19 22:57:15.745]:         Can`t load message in bundle org.netbeans.installer.wizard.components.panels.netbeans.Bundle for key NPrISP.installation.folders using [sun.misc.Launcher$AppClassLoader@5c647e05] classloader
[2020-08-19 22:57:15.759]:     ... end of initializing Wizard
[2020-08-19 22:57:15.759]:     exiting -- org.netbeans.installer.Installer.<init>():131
[2020-08-19 22:57:15.759]:     creating lock file
[2020-08-19 22:57:15.760]:         ... created lock file: C:\Users\andie\.nbi\.nbilock
[2020-08-19 22:57:15.760]:     finished creating lock file
[2020-08-19 22:57:15.760]: ... finished initializing the engine
[2020-08-19 22:57:15.760]: exiting -- org.netbeans.installer.Installer.main():81
[2020-08-19 22:57:15.760]: entering -- org.netbeans.installer.Installer.main():81
[2020-08-19 22:57:15.760]: starting the installer
[2020-08-19 22:57:15.764]:     ... initializing look and feel
[2020-08-19 22:57:15.765]:         ... custom look and feel class name was not specified, using system default
[2020-08-19 22:57:16.021]:         ... class name: com.sun.java.swing.plaf.windows.WindowsLookAndFeel
[2020-08-19 22:57:16.022]:         ... get installed L&Fs
[2020-08-19 22:57:16.049]:         ... set specified L&F
[2020-08-19 22:57:16.079]:         ... check headless
[2020-08-19 22:57:16.080]:         ... creating JFileChooser object to check possible issues with UI
[2020-08-19 22:57:17.500]:         ... getting default Toolkit to check possible issues with UI
[2020-08-19 22:57:17.500]:         ... creating JProgressBar object to check possible issues with UI
[2020-08-19 22:57:17.504]:         ... all UI checks done
[2020-08-19 22:57:17.505]:         ... L&F is set
[2020-08-19 22:57:17.505]:     ... initializing L&F finished
[2020-08-19 22:57:17.734]:     NameResolver - to parse &Help!
[2020-08-19 22:57:17.739]:     NameResolver - to parse < &Back
[2020-08-19 22:57:17.741]:     NameResolver - to parse &Next >
[2020-08-19 22:57:17.742]:     NameResolver - to parse Cancel
[2020-08-19 22:57:17.744]:     NameResolver - to parse Configuring the Installer...
[2020-08-19 22:57:17.745]:     NameResolver - to parse Configuring the Installer...
[2020-08-19 22:57:17.752]:     NameResolver - to parse Configuring the Installer...
[2020-08-19 22:57:17.753]:     NameResolver - to parse Configuring the Installer...
[2020-08-19 22:57:17.754]:     NameResolver - to parse Please wait while NetBeans IDE installer initializes
[2020-08-19 22:57:17.786]:     NameResolver - to parse Configuring the Installer...
[2020-08-19 22:57:17.786]:     NameResolver - to parse Please wait while NetBeans IDE installer initializes
[2020-08-19 22:57:17.787]: ... finished starting the installer
[2020-08-19 22:57:17.787]: exiting -- org.netbeans.installer.Installer.main():81
[2020-08-19 22:57:17.788]: NameResolver - to parse Configuring the Installer...
[2020-08-19 22:57:17.789]: entering -- org.netbeans.installer.wizard.components.actions.InitializeRegistryAction.execute():73
[2020-08-19 22:57:17.789]: initializing product registry
[2020-08-19 22:57:17.789]:     entering -- org.netbeans.installer.product.Registry.initializeRegistry():190
[2020-08-19 22:57:17.789]:     initializing product registry properties
[2020-08-19 22:57:17.789]:         initializing local product cache directory
[2020-08-19 22:57:17.790]:         ... C:\Users\andie\.nbi\product-cache
[2020-08-19 22:57:17.790]:         initializing local product registry file
[2020-08-19 22:57:17.790]:             ... C:\Users\andie\.nbi\registry.xml
[2020-08-19 22:57:17.790]:             initializing local product registry stub uri
[2020-08-19 22:57:17.790]:             ... resource:org/netbeans/installer/product/default-registry.xml
[2020-08-19 22:57:17.790]:             initializing bundled product registry uri
[2020-08-19 22:57:17.790]:             ... resource:data/registry.xml
[2020-08-19 22:57:17.790]:             initializing product registry schema uri
[2020-08-19 22:57:17.791]:             ... resource:org/netbeans/installer/product/registry.xsd
[2020-08-19 22:57:17.791]:             initializing remote product registries uris
[2020-08-19 22:57:17.791]:             initializing state file schema uri
[2020-08-19 22:57:17.791]:             ... resource:org/netbeans/installer/product/state-file.xsd
[2020-08-19 22:57:17.791]:             initializing default state file uri
[2020-08-19 22:57:17.791]:             ... resource:org/netbeans/installer/product/default-state-file.xml
[2020-08-19 22:57:17.792]:             initializing target platform
[2020-08-19 22:57:17.792]:             ... windows-x64
[2020-08-19 22:57:17.792]:     initializing product registry properties
[2020-08-19 22:57:17.792]:     exiting -- org.netbeans.installer.product.Registry.initializeRegistry():190
[2020-08-19 22:57:17.797]:     ... loading registry from file:/C:/Users/andie/.nbi/registry.xml
[2020-08-19 22:57:17.904]:     entering -- org.netbeans.installer.product.Registry.loadProductRegistry():1001
[2020-08-19 22:57:17.904]:     validating previous installations
[2020-08-19 22:57:18.001]:         NameResolver - to parse C:\Program Files\NetBeans 8.2 RC
[2020-08-19 22:57:18.025]:         NameResolver - to parse C:\Program Files\NetBeans 8.2 RC
[2020-08-19 22:57:18.034]:         NameResolver - to parse C:\Program Files\NetBeans 8.2 RC
[2020-08-19 22:57:18.046]:         NameResolver - to parse C:\Program Files\NetBeans 8.2 RC
[2020-08-19 22:57:18.059]:         NameResolver - to parse C:\Program Files\NetBeans 8.2 RC
[2020-08-19 22:57:18.066]:         NameResolver - to parse C:\Program Files\NetBeans 8.2 RC
[2020-08-19 22:57:18.072]:         NameResolver - to parse C:\Program Files\NetBeans 8.2 RC
[2020-08-19 22:57:18.078]:         NameResolver - to parse C:\Program Files\NetBeans 8.2 RC
[2020-08-19 22:57:18.084]:         NameResolver - to parse C:\Program Files\NetBeans 8.2 RC
[2020-08-19 22:57:18.089]:         NameResolver - to parse C:\Program Files\NetBeans 8.2 RC
[2020-08-19 22:57:18.096]:         NameResolver - to parse C:\Program Files\NetBeans 8.2 RC
[2020-08-19 22:57:18.116]:         NameResolver - to parse C:\Program Files\glassfish-4.1.1
[2020-08-19 22:57:18.140]:         NameResolver - to parse C:\Program Files\Apache Software Foundation\Apache Tomcat 8.0.27
[2020-08-19 22:57:18.141]:     ... validating installations finished
[2020-08-19 22:57:18.142]:     exiting -- org.netbeans.installer.product.Registry.loadProductRegistry():1001
[2020-08-19 22:57:18.142]:     ... loading registry from resource:data/registry.xml
[2020-08-19 22:57:18.152]:     entering -- org.netbeans.installer.product.Registry.loadProductRegistry():1001
[2020-08-19 22:57:18.152]:     validating previous installations
[2020-08-19 22:57:18.153]:         NameResolver - to parse C:\Program Files\NetBeans 8.2 RC
[2020-08-19 22:57:18.154]:         NameResolver - to parse C:\Program Files\NetBeans 8.2 RC
[2020-08-19 22:57:18.154]:         NameResolver - to parse C:\Program Files\NetBeans 8.2 RC
[2020-08-19 22:57:18.156]:         NameResolver - to parse C:\Program Files\NetBeans 8.2 RC
[2020-08-19 22:57:18.157]:         NameResolver - to parse C:\Program Files\NetBeans 8.2 RC
[2020-08-19 22:57:18.158]:         NameResolver - to parse C:\Program Files\NetBeans 8.2 RC
[2020-08-19 22:57:18.159]:         NameResolver - to parse C:\Program Files\NetBeans 8.2 RC
[2020-08-19 22:57:18.159]:         NameResolver - to parse C:\Program Files\NetBeans 8.2 RC
[2020-08-19 22:57:18.160]:         NameResolver - to parse C:\Program Files\NetBeans 8.2 RC
[2020-08-19 22:57:18.161]:         NameResolver - to parse C:\Program Files\NetBeans 8.2 RC
[2020-08-19 22:57:18.162]:         NameResolver - to parse C:\Program Files\NetBeans 8.2 RC
[2020-08-19 22:57:18.164]:         NameResolver - to parse C:\Program Files\glassfish-4.1.1
[2020-08-19 22:57:18.164]:         NameResolver - to parse C:\Program Files\Apache Software Foundation\Apache Tomcat 8.0.27
[2020-08-19 22:57:18.165]:     ... validating installations finished
[2020-08-19 22:57:18.165]:     exiting -- org.netbeans.installer.product.Registry.loadProductRegistry():1001
[2020-08-19 22:57:18.169]: ... product registry initialization complete
[2020-08-19 22:57:18.169]: exiting -- org.netbeans.installer.wizard.components.actions.InitializeRegistryAction.execute():73
[2020-08-19 22:57:18.193]: NameResolver - to parse &Help!
[2020-08-19 22:57:18.194]: NameResolver - to parse < &Back
[2020-08-19 22:57:18.194]: NameResolver - to parse &Uninstall
[2020-08-19 22:57:18.195]: NameResolver - to parse Cancel
[2020-08-19 22:57:18.195]: NameResolver - to parse &Uninstall
[2020-08-19 22:57:18.196]: NameResolver - to parse The following components will be uninstalled:
[2020-08-19 22:57:18.196]: NameResolver - to parse Total Installation Size:
[2020-08-19 22:57:18.197]: NameResolver - to parse Total Download Size:
[2020-08-19 22:57:18.251]: Roots : C:\
[2020-08-19 22:57:18.253]: NameResolver - to parse C:\Program Files\Apache Software Foundation\Apache Tomcat 8.0.27
[2020-08-19 22:57:18.255]: NameResolver - to parse Summary
[2020-08-19 22:57:18.255]: NameResolver - to parse Summary
[2020-08-19 22:57:18.255]: Roots : C:\
[2020-08-19 22:57:18.256]: NameResolver - to parse Summary
[2020-08-19 22:57:18.256]: NameResolver - to parse Summary
[2020-08-19 22:57:18.256]: NameResolver - to parse C:\Program Files\Apache Software Foundation\Apache Tomcat 8.0.27
[2020-08-19 22:57:18.256]: NameResolver - to parse Click Uninstall to start the uninstallation.
[2020-08-19 22:57:18.270]: NameResolver - to parse Summary
[2020-08-19 22:57:18.270]: NameResolver - to parse Click Uninstall to start the uninstallation.
[2020-08-19 22:57:20.243]: NameResolver - to parse Cancel
[2020-08-19 22:57:20.243]: NameResolver - to parse Are you sure you want to cancel?
[2020-08-19 22:57:20.243]: ... showing Yes/No dialog
[2020-08-19 22:57:20.243]:     title: Cancel
[2020-08-19 22:57:20.244]:     message: Are you sure you want to cancel?
[2020-08-19 22:57:21.736]: ... dialog closed, choice : yes
